/home/grisha/.jdks/adopt-openjdk-16.0.1/bin/java -Dmaven.multiModuleProjectDirectory=/home/grisha/.local/share/JetBrains/Toolbox/apps/IDEA-U/ch-0/212.5080.55/bin -Dmaven.home=/home/grisha/.local/share/JetBrains/Toolbox/apps/IDEA-U/ch-0/212.5080.55/plugins/maven/lib/maven3 -Dclassworlds.conf=/home/grisha/.local/share/JetBrains/Toolbox/apps/IDEA-U/ch-0/212.5080.55/plugins/maven/lib/maven3/bin/m2.conf -Dmaven.ext.class.path=/home/grisha/.local/share/JetBrains/Toolbox/apps/IDEA-U/ch-0/212.5080.55/plugins/maven/lib/maven-event-listener.jar -javaagent:/home/grisha/.local/share/JetBrains/Toolbox/apps/IDEA-U/ch-0/212.5080.55/lib/idea_rt.jar=43711:/home/grisha/.local/share/JetBrains/Toolbox/apps/IDEA-U/ch-0/212.5080.55/bin -Dfile.encoding=UTF-8 -classpath /home/grisha/.local/share/JetBrains/Toolbox/apps/IDEA-U/ch-0/212.5080.55/plugins/maven/lib/maven3/boot/plexus-classworlds-2.6.0.jar:/home/grisha/.local/share/JetBrains/Toolbox/apps/IDEA-U/ch-0/212.5080.55/plugins/maven/lib/maven3/boot/plexus-classworlds.license org.codehaus.classworlds.Launcher -Didea.version=2021.2.1
[IJ]-1-Unknown-[IJ]-event=org.apache.maven.settings.building.DefaultSettingsBuildingRequest@1568159
[IJ]-1-Unknown-[IJ]-event=org.apache.maven.settings.building.DefaultSettingsBuildingResult@549621f3
[IJ]-1-Unknown-[IJ]-event=org.apache.maven.toolchain.building.DefaultToolchainsBuildingRequest@293bb8a5
[IJ]-1-Unknown-[IJ]-event=org.apache.maven.toolchain.building.DefaultToolchainsBuildingResult@5cc69cfe
[IJ]-1-Unknown-[IJ]-event=org.apache.maven.execution.DefaultMavenExecutionRequest@523424b5
[IJ]-1-ProjectDiscoveryStarted-[IJ]-id=unknown
[INFO] Scanning for projects...
[IJ]-1-SessionStarted-[IJ]-id=org.apache.maven:standalone-pom:pom:1-[IJ]-projects=org.apache.maven:standalone-pom:1&&
[IJ]-1-SessionEnded-[IJ]-id=org.apache.maven:standalone-pom:pom:1
[INFO] ------------------------------------------------------------------------
[INFO] BUILD FAILURE
[INFO] ------------------------------------------------------------------------
[INFO] Total time:  0.057 s
[INFO] Finished at: 2021-08-31T14:17:04+03:00
[INFO] ------------------------------------------------------------------------
[IJ]-1-Unknown-[IJ]-event=org.apache.maven.execution.DefaultMavenExecutionResult@61a5b4ae
[ERROR] No goals have been specified for this build. You must specify a valid lifecycle phase or a goal in the format <plugin-prefix>:<goal> or <plugin-group-id>:<plugin-artifact-id>[:<plugin-version>]:<goal>. Available lifecycle phases are: validate, initialize, generate-sources, process-sources, generate-resources, process-resources, compile, process-classes, generate-test-sources, process-test-sources, generate-test-resources, process-test-resources, test-compile, process-test-classes, test, prepare-package, package, pre-integration-test, integration-test, post-integration-test, verify, install, deploy, pre-clean, clean, post-clean, pre-site, site, post-site, site-deploy. -> [Help 1]
[ERROR] 
[ERROR] To see the full stack trace of the errors, re-run Maven with the -e switch.
[ERROR] Re-run Maven using the -X switch to enable full debug logging.
[ERROR] 
[ERROR] For more information about the errors and possible solutions, please read the following articles:
[ERROR] [Help 1] http://cwiki.apache.org/confluence/display/MAVEN/NoGoalSpecifiedException

Process finished with exit code 1