/home/grisha/.jdks/adopt-openjdk-16.0.1/bin/java -Dmaven.multiModuleProjectDirectory=/home/grisha/.local/share/JetBrains/Toolbox/apps/IDEA-U/ch-0/212.5080.55/bin -Dmaven.home=/home/grisha/.local/share/JetBrains/Toolbox/apps/IDEA-U/ch-0/212.5080.55/plugins/maven/lib/maven3 -Dclassworlds.conf=/home/grisha/.local/share/JetBrains/Toolbox/apps/IDEA-U/ch-0/212.5080.55/plugins/maven/lib/maven3/bin/m2.conf -Dmaven.ext.class.path=/home/grisha/.local/share/JetBrains/Toolbox/apps/IDEA-U/ch-0/212.5080.55/plugins/maven/lib/maven-event-listener.jar -javaagent:/home/grisha/.local/share/JetBrains/Toolbox/apps/IDEA-U/ch-0/212.5080.55/lib/idea_rt.jar=40327:/home/grisha/.local/share/JetBrains/Toolbox/apps/IDEA-U/ch-0/212.5080.55/bin -Dfile.encoding=UTF-8 -classpath /home/grisha/.local/share/JetBrains/Toolbox/apps/IDEA-U/ch-0/212.5080.55/plugins/maven/lib/maven3/boot/plexus-classworlds-2.6.0.jar:/home/grisha/.local/share/JetBrains/Toolbox/apps/IDEA-U/ch-0/212.5080.55/plugins/maven/lib/maven3/boot/plexus-classworlds.license org.codehaus.classworlds.Launcher -Didea.version=2021.2.1 package
[IJ]-1-Unknown-[IJ]-event=org.apache.maven.settings.building.DefaultSettingsBuildingRequest@1568159
[IJ]-1-Unknown-[IJ]-event=org.apache.maven.settings.building.DefaultSettingsBuildingResult@549621f3
[IJ]-1-Unknown-[IJ]-event=org.apache.maven.toolchain.building.DefaultToolchainsBuildingRequest@293bb8a5
[IJ]-1-Unknown-[IJ]-event=org.apache.maven.toolchain.building.DefaultToolchainsBuildingResult@5cc69cfe
[IJ]-1-Unknown-[IJ]-event=org.apache.maven.execution.DefaultMavenExecutionRequest@523424b5
[IJ]-1-ProjectDiscoveryStarted-[IJ]-id=unknown
[INFO] Scanning for projects...
[IJ]-1-SessionStarted-[IJ]-id=org.apache.maven:standalone-pom:pom:1-[IJ]-projects=org.apache.maven:standalone-pom:1&&
[IJ]-1-SessionEnded-[IJ]-id=org.apache.maven:standalone-pom:pom:1
[INFO] ------------------------------------------------------------------------
[INFO] BUILD FAILURE
[INFO] ------------------------------------------------------------------------
[INFO] Total time:  0.055 s
[INFO] Finished at: 2021-08-31T14:18:23+03:00
[INFO] ------------------------------------------------------------------------
[IJ]-1-Unknown-[IJ]-event=org.apache.maven.execution.DefaultMavenExecutionResult@4102b1b1
[ERROR] The goal you specified requires a project to execute but there is no POM in this directory (/). Please verify you invoked Maven from the correct directory. -> [Help 1]
[ERROR]
[ERROR] To see the full stack trace of the errors, re-run Maven with the -e switch.
[ERROR] Re-run Maven using the -X switch to enable full debug logging.
[ERROR]
[ERROR] For more information about the errors and possible solutions, please read the following articles:
[ERROR] [Help 1] http://cwiki.apache.org/confluence/display/MAVEN/MissingProjectException

Process finished with exit code 1